srcs/init_minishell.c: Error!
Error: TOO_MANY_LINES       (line:  69, col:   1):	Function has more than 25 lines

srcs/builtins/cd.c: Error!
Error: TOO_MANY_LINES       (line:  57, col:   1):	Function has more than 25 lines

srcs/builtins/env.c: Error!
Error: INVALID_HEADER       (line:   1, col:   1):	Missing or invalid 42 header
Error: DECL_ASSIGN_LINE     (line:  69, col:  11):	Declaration and assignation on a single line

srcs/builtins/export.c: Error!
Error: TOO_MANY_LINES       (line:  48, col:   1):	Function has more than 25 lines

srcs/builtins/exit.c: Error!
Error: INVALID_HEADER       (line:   1, col:   1):	Missing or invalid 42 header
Error: IMPLICIT_VAR_TYPE    (line:   8, col:   1):	Missing type in variable declaration
Error: VAR_DECL_START_FUNC  (line:   9, col:   1):	Variable declaration not at start of function
Error: TOO_MANY_LINES       (line:  77, col:   1):	Function has more than 25 lines

srcs/utils/print.c: Error!
Error: TOO_MANY_LINES       (line:  79, col:   1):	Function has more than 25 lines

srcs/utils/convertions.c: Error!
Error: TOO_MANY_LINES       (line:  54, col:   1):	Function has more than 25 lines
Error: TOO_MANY_LINES       (line:  87, col:   1):	Function has more than 25 lines

srcs/input_validation/validate_input_utils.c: Error!
Error: TOO_MANY_LINES       (line:  72, col:   1):	Function has more than 25 lines

srcs/executor/execute_builtins.c: Error!
Error: TOO_MANY_LINES       (line:  82, col:   1):	Function has more than 25 lines

srcs/executor/executor.c: Error!
Error: VLA_FORBIDDEN        (line:  34, col:  17):	Variable length array forbidden
Error: TOO_MANY_VARS_FUNC   (line:  36, col:   1):	Too many variables declarations in a function
Error: TOO_MANY_VARS_FUNC   (line:  37, col:   1):	Too many variables declarations in a function
Error: TOO_MANY_VARS_FUNC   (line:  38, col:   1):	Too many variables declarations in a function
Error: TOO_MANY_LINES       (line: 100, col:   1):	Function has more than 25 lines

srcs/executor/execute_external_commands.c: Error!
Error: TOO_MANY_LINES       (line:  73, col:   1):	Function has more than 25 lines
Error: TOO_MANY_LINES       (line: 105, col:   1):	Function has more than 25 lines
Error: TOO_MANY_LINES       (line: 136, col:   1):	Function has more than 25 lines

srcs/executor/redirect.c: Error!
Error: DECL_ASSIGN_LINE     (line:   7, col:  18):	Declaration and assignation on a single line
Error: LINE_TOO_LONG        (line:  32, col:  86):	line too long
Error: LINE_TOO_LONG        (line:  55, col:  82):	line too long
Error: TOO_MANY_LINES       (line:  69, col:   1):	Function has more than 25 lines

srcs/parser/tokenizer_utils.c: Error!
Error: TOO_MANY_LINES       (line:  99, col:   1):	Function has more than 25 lines

srcs/parser/lexer.c: Error!
Error: TOO_MANY_LINES       (line:  43, col:   1):	Function has more than 25 lines
Error: TOO_MANY_VARS_FUNC   (line:  52, col:   1):	Too many variables declarations in a function
Error: TOO_MANY_LINES       (line:  95, col:   1):	Function has more than 25 lines

srcs/parser/format.c: Error!
Error: LINE_TOO_LONG        (line:  34, col:   1):	line too long
Error: LINE_TOO_LONG        (line:  34, col:  82):	line too long
Error: TOO_MANY_VARS_FUNC   (line:  67, col:   1):	Too many variables declarations in a function
Error: TOO_MANY_VARS_FUNC   (line:  68, col:   1):	Too many variables declarations in a function
Error: TOO_MANY_LINES       (line: 107, col:   1):	Function has more than 25 lines
Error: TOO_MANY_FUNCS       (line: 149, col:   1):	Too many functions in file
Error: TOO_MANY_FUNCS       (line: 173, col:   1):	Too many functions in file
Error: TOO_MANY_FUNCS       (line: 199, col:   1):	Too many functions in file
Error: TOO_MANY_VARS_FUNC   (line: 206, col:   1):	Too many variables declarations in a function
Error: TOO_MANY_FUNCS       (line: 230, col:   1):	Too many functions in file
